<?xml version="1.0" encoding="UTF-8"?>
<testng-results ignored="0" total="1" passed="1" failed="0" skipped="0">
  <reporter-output>
  </reporter-output>
  <suite started-at="2023-10-12T00:04:05 IST" name="Default suite" finished-at="2023-10-12T00:04:08 IST" duration-ms="2832">
    <groups>
    </groups>
    <test started-at="2023-10-12T00:04:05 IST" name="Default test" finished-at="2023-10-12T00:04:08 IST" duration-ms="2832">
      <class name="Day3.loggingdemo">
        <test-method signature="testLogs()[pri:0, instance:Day3.loggingdemo@6e0f5f7f]" started-at="2023-10-12T00:04:05 IST" name="testLogs" finished-at="2023-10-12T00:04:08 IST" duration-ms="2747" status="PASS">
          <reporter-output>
          </reporter-output>
        </test-method> <!-- testLogs -->
      </class> <!-- Day3.loggingdemo -->
    </test> <!-- Default test -->
  </suite> <!-- Default suite -->
</testng-results>
