<?xml version="1.0" encoding="UTF-8"?>
<testng-results ignored="0" total="2" passed="2" failed="0" skipped="0">
  <reporter-output>
  </reporter-output>
  <suite started-at="2023-10-11T16:19:24 IST" name="Default suite" finished-at="2023-10-11T16:19:29 IST" duration-ms="4873">
    <groups>
    </groups>
    <test started-at="2023-10-11T16:19:24 IST" name="Default test" finished-at="2023-10-11T16:19:29 IST" duration-ms="4873">
      <class name="Day2.waystocreatepostrequestbody">
        <test-method signature="testpostusingExternalJsonFile()[pri:1, instance:Day2.waystocreatepostrequestbody@2805d709]" started-at="2023-10-11T16:19:24 IST" name="testpostusingExternalJsonFile" finished-at="2023-10-11T16:19:29 IST" duration-ms="4641" status="PASS">
          <reporter-output>
          </reporter-output>
        </test-method> <!-- testpostusingExternalJsonFile -->
        <test-method signature="deleteTest()[pri:2, instance:Day2.waystocreatepostrequestbody@2805d709]" started-at="2023-10-11T16:19:29 IST" name="deleteTest" finished-at="2023-10-11T16:19:29 IST" duration-ms="127" status="PASS">
          <reporter-output>
          </reporter-output>
        </test-method> <!-- deleteTest -->
      </class> <!-- Day2.waystocreatepostrequestbody -->
    </test> <!-- Default test -->
  </suite> <!-- Default suite -->
</testng-results>
